<?xml version="1.0" encoding="UTF-8"?>
<!-- Generated by org.testng.reporters.JUnitReportReporter -->
<testsuite hostname="wuyechun" name="com.wyc.service.UserServiceTest" tests="3" failures="0" timestamp="31 Oct 2017 13:23:43 GMT" time="4.638" errors="0">
  <testcase name="testFindUserByUserName" time="4.506" classname="com.wyc.service.UserServiceTest"/>
  <testcase name="testHasMatchUser" time="0.022" classname="com.wyc.service.UserServiceTest"/>
  <testcase name="testAddLoginLog" time="0.110" classname="com.wyc.service.UserServiceTest"/>
</testsuite> <!-- com.wyc.service.UserServiceTest -->
